CRITICAL - 2024-11-08 07:55:37 --> ErrorException: Undefined variable $acceleration
[Method: GET, Route: /]
in APPPATH\Views\vibecheck.php on line 84.
 1 APPPATH\Views\vibecheck.php(84): CodeIgniter\Debug\Exceptions->errorHandler(2, 'Undefined variable $acceleration', 'D:\\laragon\\www\\pltu-asam-asam\\app\\Views\\vibecheck.php', 84)
 2 SYSTEMPATH\View\View.php(234): include('D:\\laragon\\www\\pltu-asam-asam\\app\\Views\\vibecheck.php')
 3 SYSTEMPATH\View\View.php(237): CodeIgniter\View\View->CodeIgniter\View\{closure}()
 4 SYSTEMPATH\Common.php(1171): CodeIgniter\View\View->render('vibecheck', [], true)
 5 APPPATH\Controllers\Home.php(9): view('vibecheck')
 6 SYSTEMPATH\CodeIgniter.php(933): App\Controllers\Home->index()
 7 SYSTEMPATH\CodeIgniter.php(509): CodeIgniter\CodeIgniter->runController(Object(App\Controllers\Home))
 8 SYSTEMPATH\CodeIgniter.php(355): CodeIgniter\CodeIgniter->handleRequest(null, Object(Config\Cache), false)
 9 SYSTEMPATH\Boot.php(325): CodeIgniter\CodeIgniter->run()
10 SYSTEMPATH\Boot.php(67): CodeIgniter\Boot::runCodeIgniter(Object(CodeIgniter\CodeIgniter))
11 FCPATH\index.php(56): CodeIgniter\Boot::bootWeb(Object(Config\Paths))
12 SYSTEMPATH\rewrite.php(44): require_once('D:\\laragon\\www\\pltu-asam-asam\\public\\index.php')
CRITICAL - 2024-11-08 07:55:48 --> ErrorException: Undefined variable $acceleration
[Method: GET, Route: /]
in APPPATH\Views\vibecheck.php on line 84.
 1 APPPATH\Views\vibecheck.php(84): CodeIgniter\Debug\Exceptions->errorHandler(2, 'Undefined variable $acceleration', 'D:\\laragon\\www\\pltu-asam-asam\\app\\Views\\vibecheck.php', 84)
 2 SYSTEMPATH\View\View.php(234): include('D:\\laragon\\www\\pltu-asam-asam\\app\\Views\\vibecheck.php')
 3 SYSTEMPATH\View\View.php(237): CodeIgniter\View\View->CodeIgniter\View\{closure}()
 4 SYSTEMPATH\Common.php(1171): CodeIgniter\View\View->render('vibecheck', [], true)
 5 APPPATH\Controllers\Home.php(9): view('vibecheck')
 6 SYSTEMPATH\CodeIgniter.php(933): App\Controllers\Home->index()
 7 SYSTEMPATH\CodeIgniter.php(509): CodeIgniter\CodeIgniter->runController(Object(App\Controllers\Home))
 8 SYSTEMPATH\CodeIgniter.php(355): CodeIgniter\CodeIgniter->handleRequest(null, Object(Config\Cache), false)
 9 SYSTEMPATH\Boot.php(325): CodeIgniter\CodeIgniter->run()
10 SYSTEMPATH\Boot.php(67): CodeIgniter\Boot::runCodeIgniter(Object(CodeIgniter\CodeIgniter))
11 FCPATH\index.php(56): CodeIgniter\Boot::bootWeb(Object(Config\Paths))
12 SYSTEMPATH\rewrite.php(44): require_once('D:\\laragon\\www\\pltu-asam-asam\\public\\index.php')
